[[1;34mINFO[m] Scanning for projects...
[[1;34mINFO[m] [1m------------------------------------------------------------------------[m
[[1;34mINFO[m] [1mReactor Build Order:[m
[[1;34mINFO[m] 
[[1;34mINFO[m] MockServer                                                         [pom]
[[1;34mINFO[m] MockServer Core                                                    [jar]
[[1;34mINFO[m] MockServer Java Client                                             [jar]
[[1;34mINFO[m] MockServer Integration Test                                        [jar]
[[1;34mINFO[m] MockServer & Proxy Netty                                           [jar]
[[1;34mINFO[m] MockServer Web Archive                                             [war]
[[1;34mINFO[m] MockServer Proxy Web Archive                                       [war]
[[1;34mINFO[m] MockServer Examples                                                [war]
[[1;34mINFO[m] 
[[1;34mINFO[m] [1m---------------------< [0;36morg.mock-server:mockserver[0;1m >---------------------[m
[[1;34mINFO[m] [1mBuilding MockServer 5.6.1                                          [1/8][m
[[1;34mINFO[m] [1m--------------------------------[ pom ]---------------------------------[m
[[1;34mINFO[m] 
[[1;34mINFO[m] [1m--- [0;32mmaven-checkstyle-plugin:3.0.0:check[m [1m(validate)[m @ [36mmockserver[0;1m ---[m
[[1;34mINFO[m] Starting audit...
Audit done.
[[1;34mINFO[m] 
[[1;34mINFO[m] [1m--- [0;32mtemplating-maven-plugin:1.0.0:filter-sources[m [1m(generate-verion-class)[m @ [36mmockserver[0;1m ---[m
[[1;34mINFO[m] Skipping a POM project type. Change a `skipPoms` to false to run anyway.
[[1;34mINFO[m] 
[[1;34mINFO[m] [1m--- [0;32mmaven-compiler-plugin:3.8.0:testCompile[m [1m(default)[m @ [36mmockserver[0;1m ---[m
[[1;34mINFO[m] No sources to compile
[[1;34mINFO[m] 
[[1;34mINFO[m] [1m------------------< [0;36morg.mock-server:mockserver-core[0;1m >-------------------[m
[[1;34mINFO[m] [1mBuilding MockServer Core 5.6.1                                     [2/8][m
[[1;34mINFO[m] [1m--------------------------------[ jar ]---------------------------------[m
[[1;34mINFO[m] 
[[1;34mINFO[m] [1m--- [0;32mmaven-checkstyle-plugin:3.0.0:check[m [1m(validate)[m @ [36mmockserver-core[0;1m ---[m
[[1;34mINFO[m] Starting audit...
Audit done.
[[1;34mINFO[m] 
[[1;34mINFO[m] [1m--- [0;32mtemplating-maven-plugin:1.0.0:filter-sources[m [1m(generate-verion-class)[m @ [36mmockserver-core[0;1m ---[m
[[1;34mINFO[m] Coping files with filtering to temporary directory.
[[1;34mINFO[m] Using 'UTF8' encoding to copy filtered resources.
[[1;34mINFO[m] Copying 1 resource
[[1;34mINFO[m] No files needs to be copied to output directory. Up to date: /home/wxh/Projects/lib-conflict/cases/mockserver/mockserver-core/target/generated-sources/java-templates
[[1;34mINFO[m] Source directory: /home/wxh/Projects/lib-conflict/cases/mockserver/mockserver-core/target/generated-sources/java-templates added.
[[1;34mINFO[m] 
[[1;34mINFO[m] [1m--- [0;32mmaven-resources-plugin:2.6:resources[m [1m(default-resources)[m @ [36mmockserver-core[0;1m ---[m
[[1;34mINFO[m] Using 'UTF8' encoding to copy filtered resources.
[[1;34mINFO[m] Copying 26 resources
[[1;34mINFO[m] 
[[1;34mINFO[m] [1m--- [0;32mmaven-compiler-plugin:3.8.0:compile[m [1m(default-compile)[m @ [36mmockserver-core[0;1m ---[m
[[1;34mINFO[m] Nothing to compile - all classes are up to date
[[1;34mINFO[m] 
[[1;34mINFO[m] [1m--- [0;32mmaven-resources-plugin:2.6:testResources[m [1m(default-testResources)[m @ [36mmockserver-core[0;1m ---[m
[[1;34mINFO[m] Using 'UTF8' encoding to copy filtered resources.
[[1;34mINFO[m] Copying 7 resources
[[1;34mINFO[m] 
[[1;34mINFO[m] [1m--- [0;32mmaven-compiler-plugin:3.8.0:testCompile[m [1m(default-testCompile)[m @ [36mmockserver-core[0;1m ---[m
[[1;34mINFO[m] Nothing to compile - all classes are up to date
[[1;34mINFO[m] 
[[1;34mINFO[m] [1m--- [0;32mmaven-compiler-plugin:3.8.0:testCompile[m [1m(default)[m @ [36mmockserver-core[0;1m ---[m
[[1;34mINFO[m] Nothing to compile - all classes are up to date
[[1;34mINFO[m] 
[[1;34mINFO[m] [1m--- [0;32mmaven-surefire-plugin:2.22.1:test[m [1m(default-test)[m @ [36mmockserver-core[0;1m ---[m
[[1;34mINFO[m] [1m------------------------------------------------------------------------[m
[[1;34mINFO[m] [1mReactor Summary for MockServer 5.6.1:[m
[[1;34mINFO[m] 
[[1;34mINFO[m] MockServer ......................................... [1;32mSUCCESS[m [  0.886 s]
[[1;34mINFO[m] MockServer Core .................................... [1;31mFAILURE[m [  0.425 s]
[[1;34mINFO[m] MockServer Java Client ............................. [1;33mSKIPPED[m
[[1;34mINFO[m] MockServer Integration Test ........................ [1;33mSKIPPED[m
[[1;34mINFO[m] MockServer & Proxy Netty ........................... [1;33mSKIPPED[m
[[1;34mINFO[m] MockServer Web Archive ............................. [1;33mSKIPPED[m
[[1;34mINFO[m] MockServer Proxy Web Archive ....................... [1;33mSKIPPED[m
[[1;34mINFO[m] MockServer Examples ................................ [1;33mSKIPPED[m
[[1;34mINFO[m] [1m------------------------------------------------------------------------[m
[[1;34mINFO[m] [1;31mBUILD FAILURE[m
[[1;34mINFO[m] [1m------------------------------------------------------------------------[m
[[1;34mINFO[m] Total time:  1.473 s
[[1;34mINFO[m] Finished at: 2020-12-23T15:18:04+08:00
[[1;34mINFO[m] [1m------------------------------------------------------------------------[m
[[1;31mERROR[m] Failed to execute goal [32morg.apache.maven.plugins:maven-surefire-plugin:2.22.1:test[m [1m(default-test)[m on project [36mmockserver-core[m: [1;31mNo tests were executed!  (Set -DfailIfNoTests=false to ignore this error.)[m -> [1m[Help 1][m
[[1;31mERROR[m] 
[[1;31mERROR[m] To see the full stack trace of the errors, re-run Maven with the [1m-e[m switch.
[[1;31mERROR[m] Re-run Maven using the [1m-X[m switch to enable full debug logging.
[[1;31mERROR[m] 
[[1;31mERROR[m] For more information about the errors and possible solutions, please read the following articles:
[[1;31mERROR[m] [1m[Help 1][m http://cwiki.apache.org/confluence/display/MAVEN/MojoFailureException
[[1;31mERROR[m] 
[[1;31mERROR[m] After correcting the problems, you can resume the build with the command
[[1;31mERROR[m]   [1mmvn <goals> -rf :mockserver-core[m
